12:12:24,652 DEBUG ClasspathKieProject:400 - KieModule URL type=file url=/C:/Users/luisr/Desktop/Mestrado/Artigo Alessandro/scene-examples/target/classes
12:12:24,957  WARN ClasspathKieProject:289 - Unable to find pom.properties in /C:/Users/luisr/Desktop/Mestrado/Artigo Alessandro/scene-examples/target/classes
12:12:24,971  INFO ClasspathKieProject:331 - Recursed up folders, found and used pom.xml C:\Users\luisr\Desktop\Mestrado\Artigo Alessandro\scene-examples\pom.xml
12:12:24,973 DEBUG ClasspathKieProject:118 - Discovered classpath module br.ufes.inf.lprm:scene-examples:1.1.1
12:12:24,976  INFO KieRepositoryImpl:113 - KieModule was added: FileKieModule[releaseId=br.ufes.inf.lprm:scene-examples:1.1.1,file=C:\Users\luisr\Desktop\Mestrado\Artigo Alessandro\scene-examples\target\classes]
12:12:24,976  INFO ClasspathKieProject:131 - Found kmodule: jar:file:/C:/Users/luisr/.m2/repository/br/ufes/inf/lprm/scene-core/1.1.1/scene-core-1.1.1.jar!/META-INF/kmodule.xml
12:12:24,977 DEBUG ClasspathKieProject:400 - KieModule URL type=jar url=/C:/Users/luisr/.m2/repository/br/ufes/inf/lprm/scene-core/1.1.1/scene-core-1.1.1.jar
12:12:24,983  WARN ClasspathKieProject:261 - Unable to find pom.properties in /C:/Users/luisr/.m2/repository/br/ufes/inf/lprm/scene-core/1.1.1/scene-core-1.1.1.jar
12:12:24,983  WARN ClasspathKieProject:231 - Unable to load pom.properties from/C:/Users/luisr/.m2/repository/br/ufes/inf/lprm/scene-core/1.1.1/scene-core-1.1.1.jar
12:12:24,983  WARN ClasspathKieProject:185 - Cannot find maven pom properties for this project. Using the container's default ReleaseId
12:12:24,988 DEBUG ClasspathKieProject:118 - Discovered classpath module org.default:artifact:1.0.0-SNAPSHOT
12:12:24,989  INFO KieRepositoryImpl:113 - KieModule was added: ZipKieModule[releaseId=org.default:artifact:1.0.0-SNAPSHOT,file=C:\Users\luisr\.m2\repository\br\ufes\inf\lprm\scene-core\1.1.1\scene-core-1.1.1.jar]
12:12:26,925  INFO AedesMain:58 - Creating kieBase
12:12:26,986 DEBUG KnowledgeBaseImpl:196 - Starting Engine in PHREAK mode
12:12:27,107  INFO AedesMain:66 - There should be rules: 
12:12:27,109  INFO AedesMain:69 - kp [Package name=br.ufes.inf.lprm.scene.examples.aedes] rule jasda
12:12:27,110  INFO AedesMain:69 - kp [Package name=br.ufes.inf.lprm.scene.examples.aedes] rule vida mosquito
12:12:27,110  INFO AedesMain:69 - kp [Package name=br.ufes.inf.lprm.scene.examples.aedes] rule print (mosquito fodao)
12:12:27,110  INFO AedesMain:69 - kp [Package name=br.ufes.inf.lprm.scene.examples.aedes] rule print (pode voar)
12:12:27,111  INFO AedesMain:69 - kp [Package name=br.ufes.inf.lprm.scene.examples.aedes] rule Verifica se a quantidade de mosquitos em uma casa é maior que 1
12:12:27,111  INFO AedesMain:69 - kp [Package name=br.ufes.inf.lprm.scene.examples.aedes] rule Tem mosquito na casa
12:12:27,111  INFO AedesMain:69 - kp [Package name=br.ufes.inf.lprm.scene.base] rule OnGoingSituation
12:12:27,111  INFO AedesMain:69 - kp [Package name=br.ufes.inf.lprm.scene.base] rule SituationType
12:12:27,111  INFO AedesMain:69 - kp [Package name=br.ufes.inf.lprm.scene.base] rule SituationActivation
12:12:27,111  INFO AedesMain:69 - kp [Package name=br.ufes.inf.lprm.scene.base] rule SituationDeactivation
12:12:27,111  INFO AedesMain:73 - Creating kieSession
12:12:27,204 DEBUG Reflections:186 - going to scan these urls:
file:/C:/Program%20Files/Java/jre1.8.0_121/lib/ext/jfxrt.jar
file:/C:/Users/luisr/.m2/repository/org/drools/drools-core/6.5.0.Final/drools-core-6.5.0.Final.jar
file:/C:/Program%20Files/Java/jre1.8.0_121/lib/ext/zipfs.jar
file:/C:/Users/luisr/.m2/repository/org/slf4j/slf4j-api/1.7.5/slf4j-api-1.7.5.jar
file:/C:/Users/luisr/.m2/repository/commons-codec/commons-codec/1.4/commons-codec-1.4.jar
file:/C:/Users/luisr/.m2/repository/org/slf4j/slf4j-log4j12/1.7.5/slf4j-log4j12-1.7.5.jar
file:/C:/Users/luisr/.m2/repository/com/google/guava/guava/15.0/guava-15.0.jar
file:/C:/Users/luisr/.m2/repository/br/ufes/inf/lprm/scene-core/1.1.1/scene-core-1.1.1.jar
file:/C:/Users/luisr/Desktop/Mestrado/Artigo%20Alessandro/scene-examples/target/classes/
file:/C:/Users/luisr/.m2/repository/org/eclipse/jdt/core/compiler/ecj/4.4.2/ecj-4.4.2.jar
file:/C:/Users/luisr/.m2/repository/org/antlr/antlr-runtime/3.5/antlr-runtime-3.5.jar
file:/C:/Users/luisr/.m2/repository/com/google/protobuf/protobuf-java/2.6.0/protobuf-java-2.6.0.jar
file:/C:/Users/luisr/.m2/repository/xpp3/xpp3_min/1.1.4c/xpp3_min-1.1.4c.jar
file:/C:/Program%20Files/Java/jre1.8.0_121/lib/ext/nashorn.jar
file:/C:/Program%20Files/Java/jre1.8.0_121/lib/ext/access-bridge-64.jar
file:/C:/Program%20Files/Java/jre1.8.0_121/lib/ext/sunec.jar
file:/C:/Program%20Files/Java/jre1.8.0_121/lib/ext/sunjce_provider.jar
file:/C:/Users/luisr/.m2/repository/org/drools/drools-compiler/6.5.0.Final/drools-compiler-6.5.0.Final.jar
file:/C:/Program%20Files/Java/jre1.8.0_121/lib/ext/sunmscapi.jar
file:/C:/Users/luisr/.m2/repository/joda-time/joda-time/2.3/joda-time-2.3.jar
file:/C:/Users/luisr/.m2/repository/org/javassist/javassist/3.19.0-GA/javassist-3.19.0-GA.jar
file:/C:/Users/luisr/.m2/repository/org/scala-lang/scala-library/2.11.7/scala-library-2.11.7.jar
file:/C:/Users/luisr/.m2/repository/org/reflections/reflections/0.9.10/reflections-0.9.10.jar
file:/C:/Users/luisr/.m2/repository/com/google/code/findbugs/annotations/2.0.1/annotations-2.0.1.jar
file:/C:/Program%20Files/Java/jre1.8.0_121/lib/ext/dns_sd.jar
file:/C:/Program%20Files/Java/jre1.8.0_121/lib/ext/dnsns.jar
file:/C:/Users/luisr/.m2/repository/org/kie/kie-api/6.5.0.Final/kie-api-6.5.0.Final.jar
file:/C:/Users/luisr/.m2/repository/org/kie/kie-internal/6.5.0.Final/kie-internal-6.5.0.Final.jar
file:/C:/Program%20Files/Java/jre1.8.0_121/lib/ext/sunpkcs11.jar
file:/C:/Users/luisr/.m2/repository/org/mvel/mvel2/2.2.8.Final/mvel2-2.2.8.Final.jar
file:/C:/Users/luisr/.m2/repository/com/google/code/gson/gson/2.7/gson-2.7.jar
file:/C:/Program%20Files/Java/jre1.8.0_121/lib/ext/cldrdata.jar
file:/C:/Users/luisr/.m2/repository/log4j/log4j/1.2.17/log4j-1.2.17.jar
file:/C:/Users/luisr/.m2/repository/com/thoughtworks/xstream/xstream/1.4.9/xstream-1.4.9.jar
file:/C:/Users/luisr/.m2/repository/xmlpull/xmlpull/1.1.3.1/xmlpull-1.1.3.1.jar
file:/C:/Program%20Files/Java/jre1.8.0_121/lib/ext/localedata.jar
file:/C:/Users/luisr/.m2/repository/br/ufes/inf/lprm/situation-model/1.0.0/situation-model-1.0.0.jar
file:/C:/Program%20Files/Java/jre1.8.0_121/lib/ext/jaccess.jar
12:12:27,321  INFO Reflections:229 - Reflections took 113 ms to scan 38 urls, producing 0 keys and 0 values 
12:12:27,341 DEBUG Reflections:186 - going to scan these urls:
jar:file:/C:/Users/luisr/.m2/repository/br/ufes/inf/lprm/scene-core/1.1.1/scene-core-1.1.1.jar!/
12:12:27,424  INFO Reflections:229 - Reflections took 83 ms to scan 1 urls, producing 4 keys and 4 values 
12:12:27,429 DEBUG Reflections:186 - going to scan these urls:
file:/C:/Program%20Files/Java/jre1.8.0_121/lib/ext/jfxrt.jar
file:/C:/Users/luisr/.m2/repository/org/drools/drools-core/6.5.0.Final/drools-core-6.5.0.Final.jar
file:/C:/Program%20Files/Java/jre1.8.0_121/lib/ext/zipfs.jar
file:/C:/Users/luisr/.m2/repository/org/slf4j/slf4j-api/1.7.5/slf4j-api-1.7.5.jar
file:/C:/Users/luisr/.m2/repository/commons-codec/commons-codec/1.4/commons-codec-1.4.jar
file:/C:/Users/luisr/.m2/repository/org/slf4j/slf4j-log4j12/1.7.5/slf4j-log4j12-1.7.5.jar
file:/C:/Users/luisr/.m2/repository/com/google/guava/guava/15.0/guava-15.0.jar
file:/C:/Users/luisr/.m2/repository/br/ufes/inf/lprm/scene-core/1.1.1/scene-core-1.1.1.jar
file:/C:/Users/luisr/Desktop/Mestrado/Artigo%20Alessandro/scene-examples/target/classes/
file:/C:/Users/luisr/.m2/repository/org/eclipse/jdt/core/compiler/ecj/4.4.2/ecj-4.4.2.jar
file:/C:/Users/luisr/.m2/repository/org/antlr/antlr-runtime/3.5/antlr-runtime-3.5.jar
file:/C:/Users/luisr/.m2/repository/com/google/protobuf/protobuf-java/2.6.0/protobuf-java-2.6.0.jar
file:/C:/Users/luisr/.m2/repository/xpp3/xpp3_min/1.1.4c/xpp3_min-1.1.4c.jar
file:/C:/Program%20Files/Java/jre1.8.0_121/lib/ext/nashorn.jar
file:/C:/Program%20Files/Java/jre1.8.0_121/lib/ext/access-bridge-64.jar
file:/C:/Program%20Files/Java/jre1.8.0_121/lib/ext/sunec.jar
file:/C:/Program%20Files/Java/jre1.8.0_121/lib/ext/sunjce_provider.jar
file:/C:/Users/luisr/.m2/repository/org/drools/drools-compiler/6.5.0.Final/drools-compiler-6.5.0.Final.jar
file:/C:/Program%20Files/Java/jre1.8.0_121/lib/ext/sunmscapi.jar
file:/C:/Users/luisr/.m2/repository/joda-time/joda-time/2.3/joda-time-2.3.jar
file:/C:/Users/luisr/.m2/repository/org/javassist/javassist/3.19.0-GA/javassist-3.19.0-GA.jar
file:/C:/Users/luisr/.m2/repository/org/scala-lang/scala-library/2.11.7/scala-library-2.11.7.jar
file:/C:/Users/luisr/.m2/repository/org/reflections/reflections/0.9.10/reflections-0.9.10.jar
file:/C:/Users/luisr/.m2/repository/com/google/code/findbugs/annotations/2.0.1/annotations-2.0.1.jar
file:/C:/Program%20Files/Java/jre1.8.0_121/lib/ext/dns_sd.jar
file:/C:/Program%20Files/Java/jre1.8.0_121/lib/ext/dnsns.jar
file:/C:/Users/luisr/.m2/repository/org/kie/kie-api/6.5.0.Final/kie-api-6.5.0.Final.jar
file:/C:/Users/luisr/.m2/repository/org/kie/kie-internal/6.5.0.Final/kie-internal-6.5.0.Final.jar
file:/C:/Program%20Files/Java/jre1.8.0_121/lib/ext/sunpkcs11.jar
file:/C:/Users/luisr/.m2/repository/org/mvel/mvel2/2.2.8.Final/mvel2-2.2.8.Final.jar
file:/C:/Users/luisr/.m2/repository/com/google/code/gson/gson/2.7/gson-2.7.jar
file:/C:/Program%20Files/Java/jre1.8.0_121/lib/ext/cldrdata.jar
file:/C:/Users/luisr/.m2/repository/log4j/log4j/1.2.17/log4j-1.2.17.jar
file:/C:/Users/luisr/.m2/repository/com/thoughtworks/xstream/xstream/1.4.9/xstream-1.4.9.jar
file:/C:/Users/luisr/.m2/repository/xmlpull/xmlpull/1.1.3.1/xmlpull-1.1.3.1.jar
file:/C:/Program%20Files/Java/jre1.8.0_121/lib/ext/localedata.jar
file:/C:/Users/luisr/.m2/repository/br/ufes/inf/lprm/situation-model/1.0.0/situation-model-1.0.0.jar
file:/C:/Program%20Files/Java/jre1.8.0_121/lib/ext/jaccess.jar
12:12:27,509  INFO Reflections:229 - Reflections took 78 ms to scan 38 urls, producing 0 keys and 0 values 
12:12:27,511 DEBUG Reflections:186 - going to scan these urls:
jar:file:/C:/Users/luisr/.m2/repository/br/ufes/inf/lprm/scene-core/1.1.1/scene-core-1.1.1.jar!/
12:12:27,522 DEBUG Reflections:254 - could not scan file br/ufes/inf/lprm/scene/base/SituationBaseRules.drl in url jar:file:/C:/Users/luisr/.m2/repository/br/ufes/inf/lprm/scene-core/1.1.1/scene-core-1.1.1.jar!/ with scanner SubTypesScanner
12:12:27,522 DEBUG Reflections:254 - could not scan file br/ufes/inf/lprm/scene/base/SituationBaseRules.drl in url jar:file:/C:/Users/luisr/.m2/repository/br/ufes/inf/lprm/scene-core/1.1.1/scene-core-1.1.1.jar!/ with scanner TypeAnnotationsScanner
12:12:27,525  INFO Reflections:229 - Reflections took 13 ms to scan 1 urls, producing 26 keys and 27 values 
12:12:27,526 DEBUG Reflections:186 - going to scan these urls:
jar:file:/C:/Users/luisr/.m2/repository/br/ufes/inf/lprm/situation-model/1.0.0/situation-model-1.0.0.jar!/
12:12:27,528  INFO Reflections:229 - Reflections took 1 ms to scan 1 urls, producing 3 keys and 4 values 
12:12:27,530 DEBUG Reflections:186 - going to scan these urls:
jar:file:/C:/Users/luisr/.m2/repository/br/ufes/inf/lprm/scene-core/1.1.1/scene-core-1.1.1.jar!/
12:12:27,531  INFO Reflections:229 - Reflections took 1 ms to scan 1 urls, producing 5 keys and 5 values 
12:12:27,532 DEBUG Reflections:186 - going to scan these urls:
file:/C:/Users/luisr/Desktop/Mestrado/Artigo%20Alessandro/scene-examples/target/classes/
12:12:27,546  INFO Reflections:229 - Reflections took 12 ms to scan 1 urls, producing 4 keys and 4 values 
12:12:27,546 DEBUG Reflections:186 - going to scan these urls:
jar:file:/C:/Users/luisr/.m2/repository/br/ufes/inf/lprm/situation-model/1.0.0/situation-model-1.0.0.jar!/
12:12:27,547  INFO Reflections:229 - Reflections took 1 ms to scan 1 urls, producing 2 keys and 3 values 
12:12:27,553  INFO AedesMain:86 - Now running data
12:12:27,557 DEBUG SCENELogger:20 - INSERT - id: 0 name; c0
12:12:27,563 DEBUG SCENELogger:20 - INSERT - Id: 0 houseId: c0 dias restantes: 0
12:12:27,563 DEBUG SCENELogger:20 - INSERT - id: 1 name; c1
12:12:27,563 DEBUG SCENELogger:20 - INSERT - id: 2 name; c2
12:12:27,564 DEBUG SCENELogger:20 - INSERT - id: 3 name; c3
12:12:27,564 DEBUG SCENELogger:20 - INSERT - id: 4 name; c4
12:12:27,564 DEBUG SCENELogger:20 - INSERT - id: 5 name; c5
12:12:27,564 DEBUG SCENELogger:20 - INSERT - id: 6 name; c6
12:12:27,565 DEBUG SCENELogger:20 - INSERT - id: 7 name; c7
12:12:27,565 DEBUG SCENELogger:20 - INSERT - id: 8 name; c8
12:12:27,565 DEBUG SCENELogger:20 - INSERT - id: 9 name; c9
12:12:27,565 DEBUG SCENELogger:20 - INSERT - ca.study.scenary.entities.Scenary@2c22a348
12:12:27,640 DEBUG SCENELogger:17 - SITUATION ACTIVATION - TYPE: br.ufes.inf.lprm.scene.examples.aedes.ScenarySituation	HASH: -1700228549	CAST: {sc=ca.study.scenary.entities.Scenary@2c22a348, mosq=Id: 0 houseId: c0 dias restantes: 0, houses=[id: 0 name; c0, id: 1 name; c1, id: 2 name; c2, id: 3 name; c3, id: 4 name; c4, id: 5 name; c5, id: 6 name; c6, id: 7 name; c7, id: 8 name; c8, id: 9 name; c9]}
12:12:27,710 DEBUG SCENELogger:19 - 	Activation timestamp: 2018 03 05 12:12:27.
12:12:27,710 DEBUG SCENELogger:20 - INSERT - br.ufes.inf.lprm.scene.model.impl.ParticipationImpl@7efb70ab
12:12:27,710 DEBUG SCENELogger:20 - INSERT - br.ufes.inf.lprm.scene.model.impl.ParticipationImpl@543452a4
12:12:27,711 DEBUG SCENELogger:20 - INSERT - br.ufes.inf.lprm.scene.model.impl.ParticipationImpl@60bb2e0e
12:12:27,711 DEBUG SCENELogger:20 - INSERT - ScenarySituation( sc=ca.study.scenary.entities.Scenary@2c22a348, houses=[id: 0 name; c0, id: 1 name; c1, id: 2 name; c2, id: 3 name; c3, id: 4 name; c4, id: 5 name; c5, id: 6 name; c6, id: 7 name; c7, id: 8 name; c8, id: 9 name; c9], mosq=Id: 0 houseId: c0 dias restantes: 0 )
12:12:27,713 DEBUG SCENELogger:25 - UPDATE - TYPE: br.ufes.inf.lprm.scene.examples.aedes.ScenarySituation	HASH: -1700228549	CAST: {sc=ca.study.scenary.entities.Scenary@2c22a348, mosq=Id: 0 houseId: c0 dias restantes: 0, houses=[id: 0 name; c0, id: 1 name; c1, id: 2 name; c2, id: 3 name; c3, id: 4 name; c4, id: 5 name; c5, id: 6 name; c6, id: 7 name; c7, id: 8 name; c8, id: 9 name; c9]}
12:12:27,727 DEBUG SCENELogger:17 - SITUATION ACTIVATION - TYPE: br.ufes.inf.lprm.scene.examples.aedes.LifeMosquito	HASH: 51480481	CAST: {life=Id: 0 houseId: c0 dias restantes: 0}
12:12:27,727 DEBUG SCENELogger:19 - 	Activation timestamp: 2018 03 05 12:12:27.
12:12:27,728 DEBUG SCENELogger:20 - INSERT - br.ufes.inf.lprm.scene.model.impl.ParticipationImpl@1228242c
12:12:27,728 DEBUG SCENELogger:20 - INSERT - LifeMosquito( life=Id: 0 houseId: c0 dias restantes: 0 )
12:12:27,728 DEBUG SCENELogger:25 - UPDATE - TYPE: br.ufes.inf.lprm.scene.examples.aedes.LifeMosquito	HASH: 51480481	CAST: {life=Id: 0 houseId: c0 dias restantes: 0}
12:12:27,747 DEBUG SCENELogger:17 - SITUATION ACTIVATION - TYPE: br.ufes.inf.lprm.scene.examples.aedes.AedesSituation	HASH: -1962109031	CAST: {sc=ca.study.scenary.entities.Scenary@2c22a348, houses=[id: 0 name; c0, id: 1 name; c1, id: 2 name; c2, id: 3 name; c3, id: 4 name; c4, id: 5 name; c5, id: 6 name; c6, id: 7 name; c7, id: 8 name; c8, id: 9 name; c9], mosquitos=[Id: 0 houseId: c0 dias restantes: 0]}
12:12:27,747 DEBUG SCENELogger:19 - 	Activation timestamp: 2018 03 05 12:12:27.
12:12:27,748 DEBUG SCENELogger:20 - INSERT - br.ufes.inf.lprm.scene.model.impl.ParticipationImpl@6f426814
12:12:27,748 DEBUG SCENELogger:20 - INSERT - br.ufes.inf.lprm.scene.model.impl.ParticipationImpl@56eca5fd
12:12:27,748 DEBUG SCENELogger:20 - INSERT - br.ufes.inf.lprm.scene.model.impl.ParticipationImpl@387c332
12:12:27,748 DEBUG SCENELogger:20 - INSERT - AedesSituation( sc=ca.study.scenary.entities.Scenary@2c22a348, houses=[id: 0 name; c0, id: 1 name; c1, id: 2 name; c2, id: 3 name; c3, id: 4 name; c4, id: 5 name; c5, id: 6 name; c6, id: 7 name; c7, id: 8 name; c8, id: 9 name; c9], mosquitos=[Id: 0 houseId: c0 dias restantes: 0] )
12:12:27,749 DEBUG SCENELogger:25 - UPDATE - TYPE: br.ufes.inf.lprm.scene.examples.aedes.AedesSituation	HASH: -1962109031	CAST: {sc=ca.study.scenary.entities.Scenary@2c22a348, houses=[id: 0 name; c0, id: 1 name; c1, id: 2 name; c2, id: 3 name; c3, id: 4 name; c4, id: 5 name; c5, id: 6 name; c6, id: 7 name; c7, id: 8 name; c8, id: 9 name; c9], mosquitos=[Id: 0 houseId: c0 dias restantes: 0]}
